-------------------------------------------------------------------------------
Test set: tn.esprit.service.TestSecteurActiviteServiceImpl
-------------------------------------------------------------------------------
Tests run: 1, Failures: 0, Errors: 1, Skipped: 0, Time elapsed: 0.253 s <<< FAILURE! - in tn.esprit.service.TestSecteurActiviteServiceImpl
tn.esprit.service.TestSecteurActiviteServiceImpl  Time elapsed: 0.252 s  <<< ERROR!
java.lang.IllegalStateException: Unable to find a @SpringBootConfiguration, you need to use @ContextConfiguration or @SpringBootTest(classes=...) with your test

